<?xml version="1.0" encoding="UTF-8"?>
<!-- Generated by org.testng.reporters.JUnitReportReporter -->
<testsuite hostname="DESKTOP-VHJ66FJ" failures="0" tests="1" name="practice.HybridPractice.tests.LoginTest" time="0.458" errors="0" timestamp="12 Jul 2023 07:17:20 GMT">
  <testcase classname="practice.HybridPractice.tests.LoginTest" name="loginApplication" time="0.458"/>
</testsuite> <!-- practice.HybridPractice.tests.LoginTest -->
